Thu Feb 15 10:46:08 BRST 2018 Modo de Consulta Nome: guilherme Telefone: 51980225553 Cnpj:0367419039 Site: guilherme.santanna
Thu Feb 15 10:48:52 BRST 2018 Modo de Consulta Nome: guilherme Telefone: 980225553 Cnpj:03674192039 Site: guilherme.maiL@gmail.com
Thu Feb 15 10:49:54 BRST 2018 Modo de Consulta Nome: guilherme Telefone: 980225553 Cnpj:03674192039 Site: guilherme
Thu Feb 15 10:51:25 BRST 2018 Modo de Consulta Nome: guilherme Telefone: 980225553 Cnpj:03674192039 Site: sasasa
Thu Mar 08 11:49:14 BRT 2018 Modo de Consulta Nome:  Telefone:  Cnpj: Site: 
Thu Mar 08 11:53:12 BRT 2018 Vendas não sincronizam Nome:  Telefone:  Cnpj: Site: 
Thu Mar 08 11:53:13 BRT 2018 Vendas não sincronizam Nome:  Telefone:  Cnpj: Site: 
Thu Mar 08 11:53:13 BRT 2018 Vendas não sincronizam Nome:  Telefone:  Cnpj: Site: 
Thu Mar 08 11:53:14 BRT 2018 Vendas não sincronizam Nome:  Telefone:  Cnpj: Site: 
Thu Mar 08 11:53:20 BRT 2018 Vendas não sincronizam Nome:  Telefone:  Cnpj: Site: 
Thu Mar 08 11:53:30 BRT 2018 Vendas não sincronizam Nome: sad Telefone:  Cnpj: Site: 
Fri Mar 09 10:13:36 BRT 2018 Modo de Consulta Nome: n Telefone: n Cnpj:n Site: 
Fri Mar 09 10:13:52 BRT 2018 Vendas não sincronizam Nome:  Telefone:  Cnpj: Site: 
Fri Mar 09 10:14:53 BRT 2018 Modo de Consulta Nome:  Telefone:  Cnpj: Site: 
Fri Mar 09 10:18:19 BRT 2018 Falha no MIDe Nome: s Telefone: s Cnpj:s Site: s
Fri Mar 09 10:19:15 BRT 2018 Modo de Consulta Nome:  Telefone:  Cnpj: Site: 
Thu Mar 15 11:46:31 BRT 2018 Modo de Consulta Nome:  Telefone:  Cnpj: Site: 
Thu Mar 15 11:47:22 BRT 2018 Modo de Consulta Nome:  Telefone:  Cnpj: Site: 
Thu Mar 15 11:49:31 BRT 2018 Vendas não sincronizam Nome:  Telefone:  Cnpj: Site: 
Thu Mar 15 12:23:12 BRT 2018 Vendas não sincronizam Nome:  Telefone:  Cnpj: Site: 
Thu Mar 15 12:23:48 BRT 2018 Vendas não sincronizam Nome:  Telefone:  Cnpj: Site: 
Sat Mar 31 17:02:05 BRT 2018 null Nome:  Telefone:  Cnpj: Site: 
Sat Mar 31 17:02:19 BRT 2018 null Nome: asdas Telefone: asd Cnpj:asdaa Site: asdasd
Sat Mar 31 17:11:25 BRT 2018 Vendas não sincronizam Nome:  Telefone:  Cnpj: Site: 